<?xml version="1.0" encoding="UTF-8"?>
<coverage generated="1664584786546" clover="3.2.0">
  <project timestamp="1664584786546" name="All files">
    <metrics statements="61" coveredstatements="60" conditionals="20" coveredconditionals="18" methods="10" coveredmethods="10" elements="91" coveredelements="88" complexity="0" loc="61" ncloc="61" packages="1" files="2" classes="2"/>
    <file name="certs.js" path="/home/ec2-user/environment/sgf-gstin-validator/src/certs.js">
      <metrics statements="1" coveredstatements="1" conditionals="0" coveredconditionals="0" methods="0" coveredmethods="0"/>
      <line num="2" count="1" type="stmt"/>
    </file>
    <file name="index.ts" path="/home/ec2-user/environment/sgf-gstin-validator/src/index.ts">
      <metrics statements="60" coveredstatements="59" conditionals="20" coveredconditionals="18" methods="10" coveredmethods="10"/>
      <line num="3" count="1" type="stmt"/>
      <line num="4" count="1" type="stmt"/>
      <line num="7" count="44" type="stmt"/>
      <line num="8" count="44" type="stmt"/>
      <line num="9" count="44" type="stmt"/>
      <line num="10" count="44" type="stmt"/>
      <line num="11" count="44" type="stmt"/>
      <line num="14" count="44" type="stmt"/>
      <line num="15" count="616" type="stmt"/>
      <line num="16" count="616" type="stmt"/>
      <line num="17" count="22176" type="cond" truecount="2" falsecount="0"/>
      <line num="18" count="616" type="stmt"/>
      <line num="21" count="616" type="stmt"/>
      <line num="22" count="616" type="cond" truecount="2" falsecount="0"/>
      <line num="23" count="616" type="stmt"/>
      <line num="24" count="616" type="stmt"/>
      <line num="26" count="44" type="stmt"/>
      <line num="27" count="44" type="stmt"/>
      <line num="33" count="47" type="stmt"/>
      <line num="34" count="47" type="stmt"/>
      <line num="38" count="45" type="stmt"/>
      <line num="39" count="45" type="cond" truecount="2" falsecount="0"/>
      <line num="40" count="1" type="stmt"/>
      <line num="42" count="44" type="cond" truecount="2" falsecount="0"/>
      <line num="43" count="42" type="stmt"/>
      <line num="45" count="2" type="stmt"/>
      <line num="49" count="3" type="stmt"/>
      <line num="114" count="3" type="stmt"/>
      <line num="127" count="3" type="stmt"/>
      <line num="129" count="3" type="cond" truecount="2" falsecount="0"/>
      <line num="131" count="2" type="stmt"/>
      <line num="132" count="46" type="stmt"/>
      <line num="135" count="2" type="stmt"/>
      <line num="141" count="2" type="stmt"/>
      <line num="150" count="2" type="stmt"/>
      <line num="154" count="4" type="cond" truecount="1" falsecount="1"/>
      <line num="155" count="0" type="stmt"/>
      <line num="157" count="4" type="cond" truecount="1" falsecount="1"/>
      <line num="158" count="4" type="stmt"/>
      <line num="161" count="4" type="stmt"/>
      <line num="162" count="4" type="stmt"/>
      <line num="167" count="2" type="stmt"/>
      <line num="168" count="2" type="stmt"/>
      <line num="169" count="2" type="stmt"/>
      <line num="171" count="1" type="stmt"/>
      <line num="173" count="1" type="stmt"/>
      <line num="177" count="2" type="stmt"/>
      <line num="178" count="2" type="stmt"/>
      <line num="179" count="2" type="stmt"/>
      <line num="181" count="1" type="stmt"/>
      <line num="183" count="1" type="stmt"/>
      <line num="188" count="4" type="stmt"/>
      <line num="189" count="4" type="cond" truecount="2" falsecount="0"/>
      <line num="190" count="1" type="stmt"/>
      <line num="192" count="3" type="cond" truecount="2" falsecount="0"/>
      <line num="193" count="1" type="stmt"/>
      <line num="195" count="2" type="cond" truecount="2" falsecount="0"/>
      <line num="196" count="1" type="stmt"/>
      <line num="197" count="1" type="stmt"/>
      <line num="201" count="1" type="stmt"/>
    </file>
  </project>
</coverage>
