{"/home/ec2-user/environment/sgf-gstin-validator/src/certs.js": {"path":"/home/ec2-user/environment/sgf-gstin-validator/src/certs.js","statementMap":{"0":{"start":{"line":2,"column":0},"end":{"line":6,"column":2}}},"fnMap":{},"branchMap":{},"s":{"0":1},"f":{},"b":{},"_coverageSchema":"1a1c01bbd47fc00a2c39e90264f33305004495a9","hash":"01e4769e2b63a64b4d55356cd80ceeb570e7b826"}
,"/home/ec2-user/environment/sgf-gstin-validator/src/index.ts": {"path":"/home/ec2-user/environment/sgf-gstin-validator/src/index.ts","statementMap":{"0":{"start":{"line":3,"column":10},"end":{"line":3,"column":33}},"1":{"start":{"line":4,"column":12},"end":{"line":4,"column":34}},"2":{"start":{"line":7,"column":29},"end":{"line":7,"column":67}},"3":{"start":{"line":8,"column":15},"end":{"line":8,"column":16}},"4":{"start":{"line":9,"column":12},"end":{"line":9,"column":13}},"5":{"start":{"line":10,"column":23},"end":{"line":10,"column":24}},"6":{"start":{"line":11,"column":12},"end":{"line":11,"column":39}},"7":{"start":{"line":14,"column":2},"end":{"line":25,"column":3}},"8":{"start":{"line":15,"column":20},"end":{"line":15,"column":22}},"9":{"start":{"line":16,"column":4},"end":{"line":20,"column":5}},"10":{"start":{"line":16,"column":17},"end":{"line":16,"column":18}},"11":{"start":{"line":17,"column":6},"end":{"line":19,"column":7}},"12":{"start":{"line":18,"column":8},"end":{"line":18,"column":22}},"13":{"start":{"line":21,"column":16},"end":{"line":21,"column":34}},"14":{"start":{"line":22,"column":4},"end":{"line":22,"column":34}},"15":{"start":{"line":23,"column":4},"end":{"line":23,"column":52}},"16":{"start":{"line":24,"column":4},"end":{"line":24,"column":17}},"17":{"start":{"line":26,"column":2},"end":{"line":26,"column":45}},"18":{"start":{"line":27,"column":2},"end":{"line":27,"column":46}},"19":{"start":{"line":33,"column":26},"end":{"line":33,"column":106}},"20":{"start":{"line":34,"column":2},"end":{"line":34,"column":39}},"21":{"start":{"line":38,"column":2},"end":{"line":38,"column":30}},"22":{"start":{"line":39,"column":2},"end":{"line":41,"column":3}},"23":{"start":{"line":40,"column":4},"end":{"line":40,"column":17}},"24":{"start":{"line":42,"column":2},"end":{"line":44,"column":3}},"25":{"start":{"line":43,"column":4},"end":{"line":43,"column":59}},"26":{"start":{"line":45,"column":2},"end":{"line":45,"column":15}},"27":{"start":{"line":49,"column":15},"end":{"line":112,"column":3}},"28":{"start":{"line":114,"column":17},"end":{"line":125,"column":3}},"29":{"start":{"line":127,"column":2},"end":{"line":127,"column":30}},"30":{"start":{"line":129,"column":2},"end":{"line":129,"column":55}},"31":{"start":{"line":129,"column":32},"end":{"line":129,"column":55}},"32":{"start":{"line":131,"column":14},"end":{"line":133,"column":4}},"33":{"start":{"line":132,"column":4},"end":{"line":132,"column":46}},"34":{"start":{"line":135,"column":4},"end":{"line":149,"column":7}},"35":{"start":{"line":141,"column":6},"end":{"line":141,"column":33}},"36":{"start":{"line":150,"column":2},"end":{"line":150,"column":18}},"37":{"start":{"line":154,"column":2},"end":{"line":156,"column":3}},"38":{"start":{"line":155,"column":4},"end":{"line":155,"column":27}},"39":{"start":{"line":157,"column":2},"end":{"line":159,"column":3}},"40":{"start":{"line":158,"column":4},"end":{"line":158,"column":44}},"41":{"start":{"line":161,"column":12},"end":{"line":161,"column":50}},"42":{"start":{"line":162,"column":2},"end":{"line":162,"column":24}},"43":{"start":{"line":167,"column":13},"end":{"line":167,"column":31}},"44":{"start":{"line":168,"column":2},"end":{"line":172,"column":3}},"45":{"start":{"line":169,"column":20},"end":{"line":169,"column":61}},"46":{"start":{"line":171,"column":4},"end":{"line":171,"column":54}},"47":{"start":{"line":173,"column":2},"end":{"line":173,"column":19}},"48":{"start":{"line":177,"column":13},"end":{"line":177,"column":31}},"49":{"start":{"line":178,"column":2},"end":{"line":182,"column":3}},"50":{"start":{"line":179,"column":18},"end":{"line":179,"column":69}},"51":{"start":{"line":181,"column":4},"end":{"line":181,"column":54}},"52":{"start":{"line":183,"column":2},"end":{"line":183,"column":17}},"53":{"start":{"line":188,"column":2},"end":{"line":188,"column":30}},"54":{"start":{"line":189,"column":2},"end":{"line":191,"column":3}},"55":{"start":{"line":190,"column":4},"end":{"line":190,"column":46}},"56":{"start":{"line":192,"column":2},"end":{"line":198,"column":3}},"57":{"start":{"line":193,"column":4},"end":{"line":193,"column":34}},"58":{"start":{"line":195,"column":4},"end":{"line":197,"column":32}},"59":{"start":{"line":196,"column":6},"end":{"line":196,"column":51}},"60":{"start":{"line":197,"column":11},"end":{"line":197,"column":32}},"61":{"start":{"line":201,"column":0},"end":{"line":211,"column":2}}},"fnMap":{"0":{"name":"calcCheckSum","decl":{"start":{"line":6,"column":9},"end":{"line":6,"column":21}},"loc":{"start":{"line":6,"column":29},"end":{"line":28,"column":1}},"line":6},"1":{"name":"validatePattern","decl":{"start":{"line":31,"column":9},"end":{"line":31,"column":24}},"loc":{"start":{"line":31,"column":32},"end":{"line":35,"column":1}},"line":31},"2":{"name":"isValidGSTNumber","decl":{"start":{"line":37,"column":9},"end":{"line":37,"column":25}},"loc":{"start":{"line":37,"column":33},"end":{"line":46,"column":1}},"line":37},"3":{"name":"getGSTINInfo","decl":{"start":{"line":48,"column":9},"end":{"line":48,"column":21}},"loc":{"start":{"line":48,"column":29},"end":{"line":151,"column":1}},"line":48},"4":{"name":"(anonymous_4)","decl":{"start":{"line":131,"column":26},"end":{"line":131,"column":27}},"loc":{"start":{"line":131,"column":38},"end":{"line":133,"column":3}},"line":131},"5":{"name":"(anonymous_5)","decl":{"start":{"line":140,"column":18},"end":{"line":140,"column":19}},"loc":{"start":{"line":140,"column":30},"end":{"line":142,"column":5}},"line":140},"6":{"name":"getCert","decl":{"start":{"line":153,"column":9},"end":{"line":153,"column":16}},"loc":{"start":{"line":153,"column":27},"end":{"line":163,"column":1}},"line":153},"7":{"name":"validateEInvoiceSignedQR","decl":{"start":{"line":166,"column":9},"end":{"line":166,"column":33}},"loc":{"start":{"line":166,"column":53},"end":{"line":174,"column":1}},"line":166},"8":{"name":"validateSignedInvoice","decl":{"start":{"line":176,"column":9},"end":{"line":176,"column":30}},"loc":{"start":{"line":176,"column":60},"end":{"line":185,"column":1}},"line":176},"9":{"name":"ValidateGSTIN","decl":{"start":{"line":187,"column":9},"end":{"line":187,"column":22}},"loc":{"start":{"line":187,"column":30},"end":{"line":199,"column":1}},"line":187}},"branchMap":{"0":{"loc":{"start":{"line":17,"column":6},"end":{"line":19,"column":7}},"type":"if","locations":[{"start":{"line":17,"column":6},"end":{"line":19,"column":7}},{"start":{},"end":{}}],"line":17},"1":{"loc":{"start":{"line":22,"column":13},"end":{"line":22,"column":33}},"type":"cond-expr","locations":[{"start":{"line":22,"column":28},"end":{"line":22,"column":29}},{"start":{"line":22,"column":32},"end":{"line":22,"column":33}}],"line":22},"2":{"loc":{"start":{"line":39,"column":2},"end":{"line":41,"column":3}},"type":"if","locations":[{"start":{"line":39,"column":2},"end":{"line":41,"column":3}},{"start":{},"end":{}}],"line":39},"3":{"loc":{"start":{"line":42,"column":2},"end":{"line":44,"column":3}},"type":"if","locations":[{"start":{"line":42,"column":2},"end":{"line":44,"column":3}},{"start":{},"end":{}}],"line":42},"4":{"loc":{"start":{"line":129,"column":2},"end":{"line":129,"column":55}},"type":"if","locations":[{"start":{"line":129,"column":2},"end":{"line":129,"column":55}},{"start":{},"end":{}}],"line":129},"5":{"loc":{"start":{"line":154,"column":2},"end":{"line":156,"column":3}},"type":"if","locations":[{"start":{"line":154,"column":2},"end":{"line":156,"column":3}},{"start":{},"end":{}}],"line":154},"6":{"loc":{"start":{"line":157,"column":2},"end":{"line":159,"column":3}},"type":"if","locations":[{"start":{"line":157,"column":2},"end":{"line":159,"column":3}},{"start":{},"end":{}}],"line":157},"7":{"loc":{"start":{"line":189,"column":2},"end":{"line":191,"column":3}},"type":"if","locations":[{"start":{"line":189,"column":2},"end":{"line":191,"column":3}},{"start":{},"end":{}}],"line":189},"8":{"loc":{"start":{"line":192,"column":2},"end":{"line":198,"column":3}},"type":"if","locations":[{"start":{"line":192,"column":2},"end":{"line":198,"column":3}},{"start":{"line":194,"column":9},"end":{"line":198,"column":3}}],"line":192},"9":{"loc":{"start":{"line":195,"column":4},"end":{"line":197,"column":32}},"type":"if","locations":[{"start":{"line":195,"column":4},"end":{"line":197,"column":32}},{"start":{"line":197,"column":11},"end":{"line":197,"column":32}}],"line":195}},"s":{"0":1,"1":1,"2":44,"3":44,"4":44,"5":44,"6":44,"7":44,"8":616,"9":616,"10":616,"11":22176,"12":616,"13":616,"14":616,"15":616,"16":616,"17":44,"18":44,"19":47,"20":47,"21":45,"22":45,"23":1,"24":44,"25":42,"26":2,"27":3,"28":3,"29":3,"30":3,"31":1,"32":2,"33":46,"34":2,"35":2,"36":2,"37":4,"38":0,"39":4,"40":4,"41":4,"42":4,"43":2,"44":2,"45":2,"46":1,"47":1,"48":2,"49":2,"50":2,"51":1,"52":1,"53":4,"54":4,"55":1,"56":3,"57":1,"58":2,"59":1,"60":1,"61":1},"f":{"0":44,"1":47,"2":45,"3":3,"4":46,"5":2,"6":4,"7":2,"8":2,"9":4},"b":{"0":[616,21560],"1":[308,308],"2":[1,44],"3":[42,2],"4":[1,2],"5":[0,4],"6":[4,0],"7":[1,3],"8":[1,2],"9":[1,1]},"_coverageSchema":"1a1c01bbd47fc00a2c39e90264f33305004495a9","hash":"b9291b0329a52cc17263689a6f0a05407658a5e7"}
}
