TN:
SF:src/certs.js
FNF:0
FNH:0
DA:2,1
LF:1
LH:1
BRF:0
BRH:0
end_of_record
TN:
SF:src/index.ts
FN:6,calcCheckSum
FN:31,validatePattern
FN:37,isValidGSTNumber
FN:48,getGSTINInfo
FN:131,(anonymous_4)
FN:140,(anonymous_5)
FN:153,getCert
FN:166,validateEInvoiceSignedQR
FN:176,validateSignedInvoice
FN:187,ValidateGSTIN
FNF:10
FNH:10
FNDA:44,calcCheckSum
FNDA:47,validatePattern
FNDA:45,isValidGSTNumber
FNDA:3,getGSTINInfo
FNDA:46,(anonymous_4)
FNDA:2,(anonymous_5)
FNDA:4,getCert
FNDA:2,validateEInvoiceSignedQR
FNDA:2,validateSignedInvoice
FNDA:4,ValidateGSTIN
DA:3,1
DA:4,1
DA:7,44
DA:8,44
DA:9,44
DA:10,44
DA:11,44
DA:14,44
DA:15,616
DA:16,616
DA:17,22176
DA:18,616
DA:21,616
DA:22,616
DA:23,616
DA:24,616
DA:26,44
DA:27,44
DA:33,47
DA:34,47
DA:38,45
DA:39,45
DA:40,1
DA:42,44
DA:43,42
DA:45,2
DA:49,3
DA:114,3
DA:127,3
DA:129,3
DA:131,2
DA:132,46
DA:135,2
DA:141,2
DA:150,2
DA:154,4
DA:155,0
DA:157,4
DA:158,4
DA:161,4
DA:162,4
DA:167,2
DA:168,2
DA:169,2
DA:171,1
DA:173,1
DA:177,2
DA:178,2
DA:179,2
DA:181,1
DA:183,1
DA:188,4
DA:189,4
DA:190,1
DA:192,3
DA:193,1
DA:195,2
DA:196,1
DA:197,1
DA:201,1
LF:60
LH:59
BRDA:17,0,0,616
BRDA:17,0,1,21560
BRDA:22,1,0,308
BRDA:22,1,1,308
BRDA:39,2,0,1
BRDA:39,2,1,44
BRDA:42,3,0,42
BRDA:42,3,1,2
BRDA:129,4,0,1
BRDA:129,4,1,2
BRDA:154,5,0,0
BRDA:154,5,1,4
BRDA:157,6,0,4
BRDA:157,6,1,0
BRDA:189,7,0,1
BRDA:189,7,1,3
BRDA:192,8,0,1
BRDA:192,8,1,2
BRDA:195,9,0,1
BRDA:195,9,1,1
BRF:20
BRH:18
end_of_record
